<?xml version="1.0" encoding="utf-8"?><testsuites name="pytest tests"><testsuite name="pytest" errors="0" failures="0" skipped="0" tests="109" time="1.247" timestamp="2026-02-28T20:44:50.348254+01:00" hostname="oberon"><testcase classname="tests.test_access_control.TestAccessControl" name="test_returns_401_without_auth[GET-/api/stats]" time="0.231" /><testcase classname="tests.test_access_control.TestAccessControl" name="test_returns_401_without_auth[GET-/api/cep/alerts]" time="0.009" /><testcase classname="tests.test_access_control.TestAccessControl" name="test_returns_401_without_auth[DELETE-/api/cep/alerts]" time="0.008" /><testcase classname="tests.test_access_control.TestAccessControl" name="test_returns_401_without_auth[GET-/api/keys]" time="0.008" /><testcase classname="tests.test_access_control.TestAccessControl" name="test_returns_401_without_auth[POST-/api/keys]" time="0.008" /><testcase classname="tests.test_access_control.TestAccessControl" name="test_returns_401_without_auth[DELETE-/api/keys/some-key]" time="0.008" /><testcase classname="tests.test_access_control.TestAccessControl" name="test_me_returns_401_without_auth" time="0.008" /><testcase classname="tests.test_api_key_auth.TestAPIKeyAuth" name="test_valid_api_key_header_grants_access" time="0.009" /><testcase classname="tests.test_api_key_auth.TestAPIKeyAuth" name="test_invalid_api_key_returns_401" time="0.008" /><testcase classname="tests.test_api_key_auth.TestAPIKeyAuth" name="test_query_param_api_key_not_accepted" time="0.008" /><testcase classname="tests.test_api_key_hashing.TestAPIKeyStorage" name="test_raw_key_stored_in_repository" time="0.016" /><testcase classname="tests.test_api_key_hashing.TestAPIKeyStorage" name="test_to_dict_contains_full_key" time="0.008" /><testcase classname="tests.test_api_key_management.TestAPIKeyManagement" name="test_create_and_list_keys" time="0.009" /><testcase classname="tests.test_api_key_management.TestAPIKeyManagement" name="test_delete_key_returns_200" time="0.008" /><testcase classname="tests.test_api_key_management.TestAPIKeyManagement" name="test_delete_nonexistent_key_returns_404" time="0.008" /><testcase classname="tests.test_api_key_management.TestAPIKeyManagement" name="test_user_cannot_see_other_users_keys" time="0.008" /><testcase classname="tests.test_audit_logging.TestAuditLogging" name="test_key_creation_logged" time="0.009" /><testcase classname="tests.test_audit_logging.TestAuditLogging" name="test_key_deletion_logged" time="0.009" /><testcase classname="tests.test_audit_logging.TestAuditLogging" name="test_failed_auth_logged" time="0.008" /><testcase classname="tests.test_audit_logging.TestAuditLogging" name="test_alerts_clear_logged" time="0.009" /><testcase classname="tests.test_audit_logging.TestAuditLogging" name="test_expired_jwt_logged" time="0.008" /><testcase classname="tests.test_content_type.TestContentType" name="test_post_keys_requires_json_content_type" time="0.008" /><testcase classname="tests.test_content_type.TestContentType" name="test_post_keys_accepts_json" time="0.008" /><testcase classname="tests.test_cors.TestCORS" name="test_allowed_origin_gets_cors_header" time="0.008" /><testcase classname="tests.test_cors.TestCORS" name="test_disallowed_origin_no_cors_header" time="0.008" /><testcase classname="tests.test_error_handlers.TestJSONErrorHandlers" name="test_404_returns_json" time="0.008" /><testcase classname="tests.test_error_handlers.TestJSONErrorHandlers" name="test_405_returns_json" time="0.008" /><testcase classname="tests.test_error_handlers.TestJSONErrorHandlers" name="test_404_no_stack_trace" time="0.013" /><testcase classname="tests.test_http_methods.TestHTTPMethodRestriction" name="test_put_on_stats_returns_405" time="0.008" /><testcase classname="tests.test_http_methods.TestHTTPMethodRestriction" name="test_delete_on_stats_returns_405" time="0.008" /><testcase classname="tests.test_http_methods.TestHTTPMethodRestriction" name="test_post_on_stats_returns_405" time="0.008" /><testcase classname="tests.test_http_methods.TestHTTPMethodRestriction" name="test_get_on_keys_create_allowed" time="0.008" /><testcase classname="tests.test_http_methods.TestHTTPMethodRestriction" name="test_patch_on_keys_returns_405" time="0.008" /><testcase classname="tests.test_input_validation.TestInputValidation" name="test_valid_name_accepted" time="0.009" /><testcase classname="tests.test_input_validation.TestInputValidation" name="test_empty_name_rejected" time="0.013" /><testcase classname="tests.test_input_validation.TestInputValidation" name="test_name_too_long_rejected" time="0.016" /><testcase classname="tests.test_input_validation.TestInputValidation" name="test_name_with_special_chars_rejected" time="0.011" /><testcase classname="tests.test_input_validation.TestInputValidation" name="test_name_with_sql_injection_rejected" time="0.009" /><testcase classname="tests.test_input_validation.TestInputValidation" name="test_default_name_used_when_omitted" time="0.011" /><testcase classname="tests.test_jwt_auth.TestJWTAuth" name="test_valid_jwt_grants_access" time="0.010" /><testcase classname="tests.test_jwt_auth.TestJWTAuth" name="test_expired_jwt_returns_401" time="0.009" /><testcase classname="tests.test_jwt_auth.TestJWTAuth" name="test_invalid_jwt_returns_401" time="0.009" /><testcase classname="tests.test_jwt_auth.TestJWTAuth" name="test_wrong_secret_jwt_returns_401" time="0.008" /><testcase classname="tests.test_jwt_auth.TestJWTAuth" name="test_me_returns_user_info_with_valid_jwt" time="0.009" /><testcase classname="tests.test_security.TestAccessControl" name="test_returns_401_without_auth[GET-/api/stats]" time="0.009" /><testcase classname="tests.test_security.TestAccessControl" name="test_returns_401_without_auth[GET-/api/cep/alerts]" time="0.009" /><testcase classname="tests.test_security.TestAccessControl" name="test_returns_401_without_auth[DELETE-/api/cep/alerts]" time="0.017" /><testcase classname="tests.test_security.TestAccessControl" name="test_returns_401_without_auth[GET-/api/keys]" time="0.008" /><testcase classname="tests.test_security.TestAccessControl" name="test_returns_401_without_auth[POST-/api/keys]" time="0.008" /><testcase classname="tests.test_security.TestAccessControl" name="test_returns_401_without_auth[DELETE-/api/keys/some-key]" time="0.008" /><testcase classname="tests.test_security.TestAccessControl" name="test_me_returns_401_without_auth" time="0.008" /><testcase classname="tests.test_security.TestJWTAuth" name="test_valid_jwt_grants_access" time="0.008" /><testcase classname="tests.test_security.TestJWTAuth" name="test_expired_jwt_returns_401" time="0.008" /><testcase classname="tests.test_security.TestJWTAuth" name="test_invalid_jwt_returns_401" time="0.008" /><testcase classname="tests.test_security.TestJWTAuth" name="test_wrong_secret_jwt_returns_401" time="0.008" /><testcase classname="tests.test_security.TestJWTAuth" name="test_me_returns_user_info_with_valid_jwt" time="0.008" /><testcase classname="tests.test_security.TestAPIKeyAuth" name="test_valid_api_key_header_grants_access" time="0.008" /><testcase classname="tests.test_security.TestAPIKeyAuth" name="test_invalid_api_key_returns_401" time="0.008" /><testcase classname="tests.test_security.TestAPIKeyAuth" name="test_query_param_api_key_not_accepted" time="0.008" /><testcase classname="tests.test_security.TestInputValidation" name="test_valid_name_accepted" time="0.009" /><testcase classname="tests.test_security.TestInputValidation" name="test_empty_name_rejected" time="0.009" /><testcase classname="tests.test_security.TestInputValidation" name="test_name_too_long_rejected" time="0.008" /><testcase classname="tests.test_security.TestInputValidation" name="test_name_with_special_chars_rejected" time="0.008" /><testcase classname="tests.test_security.TestInputValidation" name="test_name_with_sql_injection_rejected" time="0.008" /><testcase classname="tests.test_security.TestInputValidation" name="test_default_name_used_when_omitted" time="0.009" /><testcase classname="tests.test_security.TestContentType" name="test_post_keys_requires_json_content_type" time="0.008" /><testcase classname="tests.test_security.TestContentType" name="test_post_keys_accepts_json" time="0.008" /><testcase classname="tests.test_security.TestAPIKeyStorage" name="test_raw_key_stored_in_repository" time="0.008" /><testcase classname="tests.test_security.TestAPIKeyStorage" name="test_to_dict_contains_full_key" time="0.008" /><testcase classname="tests.test_security.TestSensitiveDataProtection" name="test_list_keys_shows_full_key" time="0.008" /><testcase classname="tests.test_security.TestSensitiveDataProtection" name="test_create_key_returns_raw_key_once" time="0.009" /><testcase classname="tests.test_security.TestJSONErrorHandlers" name="test_404_returns_json" time="0.008" /><testcase classname="tests.test_security.TestJSONErrorHandlers" name="test_405_returns_json" time="0.008" /><testcase classname="tests.test_security.TestJSONErrorHandlers" name="test_404_no_stack_trace" time="0.008" /><testcase classname="tests.test_security.TestSecurityHeaders" name="test_x_frame_options_deny" time="0.008" /><testcase classname="tests.test_security.TestSecurityHeaders" name="test_x_content_type_options_nosniff" time="0.008" /><testcase classname="tests.test_security.TestSecurityHeaders" name="test_referrer_policy" time="0.008" /><testcase classname="tests.test_security.TestSecurityHeaders" name="test_csp_header_present" time="0.008" /><testcase classname="tests.test_security.TestSecurityHeaders" name="test_csp_frame_ancestors_none" time="0.008" /><testcase classname="tests.test_security.TestSecurityHeaders" name="test_csp_script_src_no_unsafe_inline" time="0.008" /><testcase classname="tests.test_security.TestSecurityHeaders" name="test_session_cookie_flags" time="0.008" /><testcase classname="tests.test_security.TestCORS" name="test_allowed_origin_gets_cors_header" time="0.008" /><testcase classname="tests.test_security.TestCORS" name="test_disallowed_origin_no_cors_header" time="0.008" /><testcase classname="tests.test_security.TestHTTPMethodRestriction" name="test_put_on_stats_returns_405" time="0.008" /><testcase classname="tests.test_security.TestHTTPMethodRestriction" name="test_delete_on_stats_returns_405" time="0.008" /><testcase classname="tests.test_security.TestHTTPMethodRestriction" name="test_post_on_stats_returns_405" time="0.008" /><testcase classname="tests.test_security.TestHTTPMethodRestriction" name="test_get_on_keys_create_allowed" time="0.008" /><testcase classname="tests.test_security.TestHTTPMethodRestriction" name="test_patch_on_keys_returns_405" time="0.008" /><testcase classname="tests.test_security.TestAuditLogging" name="test_key_creation_logged" time="0.009" /><testcase classname="tests.test_security.TestAuditLogging" name="test_key_deletion_logged" time="0.008" /><testcase classname="tests.test_security.TestAuditLogging" name="test_failed_auth_logged" time="0.008" /><testcase classname="tests.test_security.TestAuditLogging" name="test_alerts_clear_logged" time="0.008" /><testcase classname="tests.test_security.TestAuditLogging" name="test_expired_jwt_logged" time="0.008" /><testcase classname="tests.test_security.TestAPIKeyManagement" name="test_create_and_list_keys" time="0.009" /><testcase classname="tests.test_security.TestAPIKeyManagement" name="test_delete_key_returns_200" time="0.008" /><testcase classname="tests.test_security.TestAPIKeyManagement" name="test_delete_nonexistent_key_returns_404" time="0.008" /><testcase classname="tests.test_security.TestAPIKeyManagement" name="test_user_cannot_see_other_users_keys" time="0.008" /><testcase classname="tests.test_security_headers.TestSecurityHeaders" name="test_x_frame_options_deny" time="0.008" /><testcase classname="tests.test_security_headers.TestSecurityHeaders" name="test_x_content_type_options_nosniff" time="0.008" /><testcase classname="tests.test_security_headers.TestSecurityHeaders" name="test_referrer_policy" time="0.008" /><testcase classname="tests.test_security_headers.TestSecurityHeaders" name="test_csp_header_present" time="0.008" /><testcase classname="tests.test_security_headers.TestSecurityHeaders" name="test_csp_frame_ancestors_none" time="0.008" /><testcase classname="tests.test_security_headers.TestSecurityHeaders" name="test_csp_script_src_no_unsafe_inline" time="0.008" /><testcase classname="tests.test_security_headers.TestSecurityHeaders" name="test_csp_style_src_no_unsafe_inline" time="0.008" /><testcase classname="tests.test_security_headers.TestSecurityHeaders" name="test_session_cookie_flags" time="0.008" /><testcase classname="tests.test_security_headers.TestSecurityHeaders" name="test_css_file_served" time="0.024" /><testcase classname="tests.test_security_headers.TestSecurityHeaders" name="test_index_html_no_inline_styles" time="0.008" /><testcase classname="tests.test_sensitive_data.TestSensitiveDataProtection" name="test_list_keys_shows_full_key" time="0.008" /><testcase classname="tests.test_sensitive_data.TestSensitiveDataProtection" name="test_create_key_returns_raw_key_once" time="0.008" /></testsuite></testsuites>